  BinFile.cpp
  Lab16.cpp
C:\Users\gurba\source\repos\Lab16\Lab16\BinFile.h(62,24): warning C4244: =: преобразование "std::streamoff" в "int", возможна потеря данных
C:\Users\gurba\source\repos\Lab16\Lab16\BinFile.h(48): message : во время компиляции функции-члена класс шаблон "BinFile<FileDataRecord>::BinFile(const std::string &,Access)"
C:\Users\gurba\source\repos\Lab16\Lab16\Lab16.cpp(36): message : выполняется компиляция ссылки на экземпляр шаблон функции "BinFile<FileDataRecord>::BinFile(const std::string &,Access)"
C:\Users\gurba\source\repos\Lab16\Lab16\Lab16.cpp(16): message : выполняется компиляция ссылки на экземпляр класс шаблон функции "BinFile<FileDataRecord>"
C:\Users\gurba\source\repos\Lab16\Lab16\BinFile.h(195,1): error C2440: приведение типов: невозможно преобразовать "std::string" в "char *"
C:\Users\gurba\source\repos\Lab16\Lab16\BinFile.h(195,13): message : Для выполнения данного преобразования нет доступного оператора преобразования, определенного пользователем, или вызов оператора невозможен
C:\Users\gurba\source\repos\Lab16\Lab16\BinFile.h(194): message : во время компиляции функции-члена класс шаблон "void BinFile<FileDataRecord>::Delete(void)"
C:\Users\gurba\source\repos\Lab16\Lab16\Lab16.cpp(49): message : выполняется компиляция ссылки на экземпляр шаблон функции "void BinFile<FileDataRecord>::Delete(void)"
C:\Users\gurba\source\repos\Lab16\Lab16\BinFile.h(221,1): error C2440: приведение типов: невозможно преобразовать "T" в "char *"
          with
          [
              T=FileDataRecord
          ]
C:\Users\gurba\source\repos\Lab16\Lab16\BinFile.h(221,10): message : Для выполнения данного преобразования нет доступного оператора преобразования, определенного пользователем, или вызов оператора невозможен
C:\Users\gurba\source\repos\Lab16\Lab16\BinFile.h(215): message : во время компиляции функции-члена класс шаблон "void BinFile<FileDataRecord>::Append(T)"
          with
          [
              T=FileDataRecord
          ]
C:\Users\gurba\source\repos\Lab16\Lab16\Lab16.cpp(17): message : выполняется компиляция ссылки на экземпляр шаблон функции "void BinFile<FileDataRecord>::Append(T)"
          with
          [
              T=FileDataRecord
          ]
  Создание кода...
